1606848149699	geckodriver	INFO	Listening on 127.0.0.1:53179
1606848152755	mozrunner::runner	INFO	Running command: "C:\\Program Files\\Mozilla Firefox\\firefox.exe" "--marionette" "-foreground" "-no-remote" "-profile" "C:\\Users\\cloak\\AppData\\Local\\Temp\\rust_mozprofile1SkI4S"
Can't find symbol 'eglSwapBuffersWithDamageEXT'.
JavaScript error: resource://gre/modules/XULStore.jsm, line 66: Error: Can't find profile directory.
console.warn: SearchSettings: "get: No settings file exists, new profile?" (new Error("", "(unknown module)"))
1606848155327	Marionette	INFO	Listening on port 53187
1606848155421	Marionette	WARN	TLS certificate errors will be ignored for this session
1606848155507	Marionette	INFO	Stopped listening on port 53187
console.error: services.settings: 
  main/message-groups Signature failed  TypeError: NetworkError when attempting to fetch resource.
console.error: services.settings: 
  main/nimbus-desktop-experiments Signature failed  TypeError: NetworkError when attempting to fetch resource.
console.error: services.settings: 
  main/fxmonitor-breaches Signature failed  TypeError: NetworkError when attempting to fetch resource.
console.error: Region.jsm: "Error fetching region" (new TypeError("NetworkError when attempting to fetch resource.", ""))
console.error: Region.jsm: "Failed to fetch region" (new Error("NO_RESULT", "resource://gre/modules/Region.jsm", 351))

###!!! [Child][RunMessage] Error: Channel closing: too late to send/recv, messages will be lost


###!!! [Child][MessageChannel::SendAndWait] Error: Channel error: cannot send/recv

1606848225427	geckodriver	INFO	Listening on 127.0.0.1:53217
1606848228490	mozrunner::runner	INFO	Running command: "C:\\Program Files\\Mozilla Firefox\\firefox.exe" "--marionette" "-foreground" "-no-remote" "-profile" "C:\\Users\\cloak\\AppData\\Local\\Temp\\rust_mozprofilefHF7tr"
Can't find symbol 'eglSwapBuffersWithDamageEXT'.
JavaScript error: resource://gre/modules/XULStore.jsm, line 66: Error: Can't find profile directory.
console.warn: SearchSettings: "get: No settings file exists, new profile?" (new Error("", "(unknown module)"))
1606848230066	Marionette	INFO	Listening on port 53225
1606848230527	Marionette	WARN	TLS certificate errors will be ignored for this session
1606848230591	Marionette	INFO	Stopped listening on port 53225
console.error: services.settings: 
  main/message-groups Signature failed  TypeError: NetworkError when attempting to fetch resource.
console.error: services.settings: 
  main/nimbus-desktop-experiments Signature failed  TypeError: NetworkError when attempting to fetch resource.
console.error: services.settings: 
  main/fxmonitor-breaches Signature failed  TypeError: NetworkError when attempting to fetch resource.
console.error: Region.jsm: "Error fetching region" (new TypeError("NetworkError when attempting to fetch resource.", ""))
console.error: Region.jsm: "Failed to fetch region" (new Error("NO_RESULT", "resource://gre/modules/Region.jsm", 351))

###!!! [Child][RunMessage] Error: Channel closing: too late to send/recv, messages will be lost


###!!! [Child][MessageChannel::SendAndWait] Error: Channel error: cannot send/recv

1606848293895	geckodriver	INFO	Listening on 127.0.0.1:53252
1606848296962	mozrunner::runner	INFO	Running command: "C:\\Program Files\\Mozilla Firefox\\firefox.exe" "--marionette" "-foreground" "-no-remote" "-profile" "C:\\Users\\cloak\\AppData\\Local\\Temp\\rust_mozprofileKICDBM"
Can't find symbol 'eglSwapBuffersWithDamageEXT'.
JavaScript error: resource://gre/modules/XULStore.jsm, line 66: Error: Can't find profile directory.
console.warn: SearchSettings: "get: No settings file exists, new profile?" (new Error("", "(unknown module)"))
1606848298593	Marionette	INFO	Listening on port 53260
1606848299004	Marionette	WARN	TLS certificate errors will be ignored for this session
1606848303523	Marionette	INFO	Stopped listening on port 53260

###!!! [Child][MessageChannel::SendAndWait] Error: Channel error: cannot send/recv

1606848472522	geckodriver	INFO	Listening on 127.0.0.1:53328
1606848475574	mozrunner::runner	INFO	Running command: "C:\\Program Files\\Mozilla Firefox\\firefox.exe" "--marionette" "-foreground" "-no-remote" "-profile" "C:\\Users\\cloak\\AppData\\Local\\Temp\\rust_mozprofile7tTNNc"
Can't find symbol 'eglSwapBuffersWithDamageEXT'.
JavaScript error: resource://gre/modules/XULStore.jsm, line 66: Error: Can't find profile directory.
console.warn: SearchSettings: "get: No settings file exists, new profile?" (new Error("", "(unknown module)"))
1606848477300	Marionette	INFO	Listening on port 53337
1606848477627	Marionette	WARN	TLS certificate errors will be ignored for this session
1606848477691	Marionette	INFO	Stopped listening on port 53337
console.error: services.settings: 
  main/nimbus-desktop-experiments Signature failed  TypeError: NetworkError when attempting to fetch resource.
console.error: services.settings: 
  main/fxmonitor-breaches Signature failed  TypeError: NetworkError when attempting to fetch resource.
console.error: services.settings: 
  main/message-groups Signature failed  TypeError: NetworkError when attempting to fetch resource.
console.error: Region.jsm: "Error fetching region" (new TypeError("NetworkError when attempting to fetch resource.", ""))
console.error: Region.jsm: "Failed to fetch region" (new Error("NO_RESULT", "resource://gre/modules/Region.jsm", 351))

###!!! [Child][RunMessage] Error: Channel closing: too late to send/recv, messages will be lost


###!!! [Child][MessageChannel::SendAndWait] Error: Channel error: cannot send/recv

1606849272608	geckodriver	INFO	Listening on 127.0.0.1:53473
1606849275664	mozrunner::runner	INFO	Running command: "C:\\Program Files\\Mozilla Firefox\\firefox.exe" "--marionette" "-foreground" "-no-remote" "-profile" "C:\\Users\\cloak\\AppData\\Local\\Temp\\rust_mozprofilexEjS3x"
Can't find symbol 'eglSwapBuffersWithDamageEXT'.
JavaScript error: resource://gre/modules/XULStore.jsm, line 66: Error: Can't find profile directory.
console.warn: SearchSettings: "get: No settings file exists, new profile?" (new Error("", "(unknown module)"))
1606849277395	Marionette	INFO	Listening on port 53483
1606849277712	Marionette	WARN	TLS certificate errors will be ignored for this session
1606849277828	Marionette	INFO	Stopped listening on port 53483
console.warn: services.settings: main/partitioning-exempt-urls sync interrupted by shutdown
console.error: services.settings: 
  main/nimbus-desktop-experiments Signature failed  TypeError: NetworkError when attempting to fetch resource.
console.error: services.settings: 
  main/message-groups Signature failed  TypeError: NetworkError when attempting to fetch resource.
console.error: services.settings: 
  main/fxmonitor-breaches Signature failed  TypeError: NetworkError when attempting to fetch resource.
console.error: Region.jsm: "Error fetching region" (new TypeError("NetworkError when attempting to fetch resource.", ""))
console.error: Region.jsm: "Failed to fetch region" (new Error("NO_RESULT", "resource://gre/modules/Region.jsm", 351))

###!!! [Child][MessageChannel::SendAndWait] Error: Channel error: cannot send/recv

